<?xml version="1.0" encoding="UTF-8"?>
<!-- Generated by org.testng.reporters.JUnitReportReporter -->
<testsuite hostname="DESKTOP-Q8E5FBG" failures="0" tests="3" name="customer.NewTestphpcustdashboard" time="16.862" errors="0" timestamp="2023-08-07T11:03:35 IST" skipped="0">
  <testcase classname="customer.NewTestphpcustdashboard" name="f" time="8.529"/>
  <system-out/>
  <testcase classname="customer.NewTestphpcustdashboard" name="f1" time="3.560"/>
  <system-out/>
  <testcase classname="customer.NewTestphpcustdashboard" name="f2" time="4.773"/>
  <system-out/>
</testsuite> <!-- customer.NewTestphpcustdashboard -->
