<?xml version="1.0" encoding="UTF-8"?>
<!-- Generated by org.testng.reporters.JUnitReportReporter -->
<testsuite hostname="DESKTOP-Q8E5FBG" failures="0" tests="3" name="admin.NewTestbooking" time="20.735" errors="0" timestamp="2023-08-07T11:05:07 IST" skipped="0">
  <testcase classname="admin.NewTestbooking" name="f" time="5.843"/>
  <system-out/>
  <testcase classname="admin.NewTestbooking" name="f1" time="3.531"/>
  <system-out/>
  <testcase classname="admin.NewTestbooking" name="f2" time="11.361"/>
  <system-out/>
</testsuite> <!-- admin.NewTestbooking -->
