<?xml version="1.0" encoding="UTF-8"?>
<!-- Generated by org.testng.reporters.JUnitReportReporter -->
<testsuite hostname="DESKTOP-Q8E5FBG" failures="0" tests="5" name="customer.NewTestphpcustbooking" time="26.515" errors="0" timestamp="2023-08-07T11:03:00 IST" skipped="0">
  <testcase classname="customer.NewTestphpcustbooking" name="f" time="8.742"/>
  <system-out/>
  <testcase classname="customer.NewTestphpcustbooking" name="f1" time="3.601"/>
  <system-out/>
  <testcase classname="customer.NewTestphpcustbooking" name="f2" time="3.607"/>
  <system-out/>
  <testcase classname="customer.NewTestphpcustbooking" name="f3" time="3.504"/>
  <system-out/>
  <testcase classname="customer.NewTestphpcustbooking" name="f4" time="7.061"/>
  <system-out/>
</testsuite> <!-- customer.NewTestphpcustbooking -->
