<?xml version="1.0" encoding="UTF-8"?>
<!-- Generated by org.testng.reporters.JUnitReportReporter -->
<testsuite hostname="DESKTOP-Q8E5FBG" failures="0" tests="4" name="customer.NewTestcustomerphplogin" time="20.757" errors="0" timestamp="2023-08-07T11:01:28 IST" skipped="0">
  <testcase classname="customer.NewTestcustomerphplogin" name="f" time="8.225"/>
  <system-out/>
  <testcase classname="customer.NewTestcustomerphplogin" name="f1" time="4.245"/>
  <system-out/>
  <testcase classname="customer.NewTestcustomerphplogin" name="f2" time="4.239"/>
  <system-out/>
  <testcase classname="customer.NewTestcustomerphplogin" name="f3" time="4.048"/>
  <system-out/>
</testsuite> <!-- customer.NewTestcustomerphplogin -->
