<?xml version="1.0" encoding="UTF-8"?>
<!-- Generated by org.testng.reporters.JUnitReportReporter -->
<testsuite hostname="DESKTOP-Q8E5FBG" failures="0" tests="3" name="phpagent.NewTestphpagentlogin" time="15.721" errors="0" timestamp="2023-08-07T10:57:46 IST" skipped="0">
  <testcase classname="phpagent.NewTestphpagentlogin" name="f" time="7.870"/>
  <system-out/>
  <testcase classname="phpagent.NewTestphpagentlogin" name="f1" time="4.317"/>
  <system-out/>
  <testcase classname="phpagent.NewTestphpagentlogin" name="f2" time="3.534"/>
  <system-out/>
</testsuite> <!-- phpagent.NewTestphpagentlogin -->
