<?xml version="1.0" encoding="UTF-8"?>
<!-- Generated by org.testng.reporters.JUnitReportReporter -->
<testsuite hostname="DESKTOP-Q8E5FBG" failures="0" tests="3" name="customer.NewTestphpcustaddfund" time="29.805" errors="0" timestamp="2023-08-07T11:02:12 IST" skipped="0">
  <testcase classname="customer.NewTestphpcustaddfund" name="f" time="8.297"/>
  <system-out/>
  <testcase classname="customer.NewTestphpcustaddfund" name="f1" time="6.637"/>
  <system-out/>
  <testcase classname="customer.NewTestphpcustaddfund" name="f2" time="14.871"/>
  <system-out/>
</testsuite> <!-- customer.NewTestphpcustaddfund -->
