<?xml version="1.0" encoding="UTF-8"?>
<!-- Generated by org.testng.reporters.JUnitReportReporter -->
<testsuite hostname="DESKTOP-Q8E5FBG" failures="0" tests="3" name="phpagent.NewTestphpagentlinks" time="33.187" errors="0" timestamp="2023-08-07T10:59:33 IST" skipped="0">
  <testcase classname="phpagent.NewTestphpagentlinks" name="f" time="8.609"/>
  <system-out/>
  <testcase classname="phpagent.NewTestphpagentlinks" name="f1" time="10.359"/>
  <system-out/>
  <testcase classname="phpagent.NewTestphpagentlinks" name="f2" time="14.219"/>
  <system-out/>
</testsuite> <!-- phpagent.NewTestphpagentlinks -->
