<?xml version="1.0" encoding="UTF-8"?>
<!-- Generated by org.testng.reporters.JUnitReportReporter -->
<testsuite hostname="DESKTOP-Q8E5FBG" failures="0" tests="5" name="phpagent.Phpagentdash" time="30.662" errors="0" timestamp="2023-08-07T11:00:49 IST" skipped="0">
  <testcase classname="phpagent.Phpagentdash" name="f" time="9.173"/>
  <system-out/>
  <testcase classname="phpagent.Phpagentdash" name="f1" time="3.579"/>
  <system-out/>
  <testcase classname="phpagent.Phpagentdash" name="f2" time="3.489"/>
  <system-out/>
  <testcase classname="phpagent.Phpagentdash" name="f3" time="3.522"/>
  <system-out/>
  <testcase classname="phpagent.Phpagentdash" name="f4" time="10.899"/>
  <system-out/>
</testsuite> <!-- phpagent.Phpagentdash -->
