<?xml version="1.0" encoding="UTF-8"?>
<!-- Generated by org.testng.reporters.JUnitReportReporter -->
<testsuite hostname="DESKTOP-Q8E5FBG" failures="0" tests="3" name="admin.NewTest" time="12.869" errors="0" timestamp="2023-08-07T11:04:34 IST" skipped="0">
  <testcase classname="admin.NewTest" name="f" time="5.681"/>
  <system-out/>
  <testcase classname="admin.NewTest" name="f1" time="3.073"/>
  <system-out/>
  <testcase classname="admin.NewTest" name="f2" time="4.115"/>
  <system-out/>
</testsuite> <!-- admin.NewTest -->
